{"level":"info","message":"This is an informational message.","timestamp":"2026-03-04T11:23:57.266Z"}
{"level":"warn","message":"This is a warning message.","timestamp":"2026-03-04T11:23:57.268Z"}
{"level":"error","message":"This is an error message.","timestamp":"2026-03-04T11:23:57.268Z"}
{"level":"info","message":"This is another informational message.","timestamp":"2026-03-04T11:23:57.268Z"}
{"level":"warn","message":"This is another warning message.","timestamp":"2026-03-04T11:23:57.269Z"}
{"level":"error","message":"This is another error message.","timestamp":"2026-03-04T11:23:57.269Z"}
{"level":"info","message":"This is an informational message.","timestamp":"2026-03-04T15:55:37.228Z"}
{"level":"warn","message":"This is a warning message.","timestamp":"2026-03-04T15:55:37.230Z"}
{"level":"error","message":"This is an error message.","timestamp":"2026-03-04T15:55:37.231Z"}
{"level":"info","message":"This is another informational message.","timestamp":"2026-03-04T15:55:37.231Z"}
{"level":"warn","message":"This is another warning message.","timestamp":"2026-03-04T15:55:37.231Z"}
{"level":"error","message":"This is another error message.","timestamp":"2026-03-04T15:55:37.231Z"}
[MAIN] Starting
[MAIN] Starting
[MAIN] Starting
[MAIN] Stopping
[MAIN] Starting
[ENDPOINT] GET '/counter-increase'
[COUNTER] increase 1
[ENDPOINT] GET '/counter-read'
[COUNTER] read 1
[ENDPOINT] GET '/counter-reset'
[COUNTER] zeroed 0
[ENDPOINT] GET '/counter-read'
[COUNTER] read 0
[ENDPOINT] GET '/counter-increase'
[COUNTER] increase 1
[ENDPOINT] GET '/counter-increase'
[COUNTER] increase 2
[ENDPOINT] GET '/counter-increase'
[COUNTER] increase 3
[MAIN] Stopping
[MAIN] Starting
[ENDPOINT] GET '/counter-read'
[COUNTER] read 0
[ENDPOINT] GET '/counter-reset'
[COUNTER] zeroed 0
[ENDPOINT] GET '/counter-read'
[COUNTER] read 0
[ENDPOINT] GET '/counter-increase'
[COUNTER] increase 1
[ENDPOINT] GET '/counter-increase'
[COUNTER] increase 2
[ENDPOINT] GET '/counter-increase'
[COUNTER] increase 3
[ENDPOINT] GET '/counter-read'
[COUNTER] read 3
[MAIN] Stopping
[MAIN] Starting
[ENDPOINT] GET '/counter-increase'
[COUNTER] increase 1
[ENDPOINT] GET '/counter-increase'
[COUNTER] increase 2
[ENDPOINT] GET '/counter-read'
[COUNTER] read 2
[ENDPOINT] GET '/counter-reset'
[COUNTER] zeroed 0
[ENDPOINT] GET '/counter-read'
[COUNTER] read 0
[MAIN] Stopping
[MAIN] Starting
[ENDPOINT] GET '/counter-read'
[COUNTER] read 0
[ENDPOINT] GET '/counter-increase'
[COUNTER] increase 1
[ENDPOINT] GET '/counter-reset'
[COUNTER] zeroed 0
[MAIN] Stopping
